<?xml version="1.0" encoding="UTF-8"?>
<!-- Generated by org.testng.reporters.JUnitReportReporter -->
<testsuite hostname="LAPTOP-CJ23D15G" name="IBM_LP.B31batch.day1" tests="1" failures="0" timestamp="27 May 2022 05:55:37 GMT" time="0.644" errors="0">
  <testcase name="postandputexample2" time="0.644" classname="IBM_LP.B31batch.day1"/>
</testsuite> <!-- IBM_LP.B31batch.day1 -->
