<?xml version="1.0" encoding="UTF-8"?>
<!-- Generated by org.testng.reporters.JUnitReportReporter -->
<testsuite hostname="LAPTOP-CJ23D15G" name="IBM_LP.B31batch.day1" tests="1" failures="0" timestamp="26 May 2022 05:59:29 GMT" time="2.529" errors="0">
  <testcase name="testcase2" time="2.529" classname="IBM_LP.B31batch.day1"/>
</testsuite> <!-- IBM_LP.B31batch.day1 -->
